CRITICAL - 2023-06-29 01:07:09 --> Undefined array key "Price"
in APPPATH\Views\packagePage.php on line 173.
 1 APPPATH\Views\packagePage.php(173): CodeIgniter\Debug\Exceptions->errorHandler(2, 'Undefined array key "Price"', 'C:\\xamp1\\htdocs\\codeigniter4-framework-e392123\\app\\Views\\packagePage.php', 173)
 2 SYSTEMPATH\View\View.php(224): include('C:\\xamp1\\htdocs\\codeigniter4-framework-e392123\\app\\Views\\packagePage.php')
 3 SYSTEMPATH\View\View.php(227): CodeIgniter\View\View->CodeIgniter\View\{closure}()
 4 SYSTEMPATH\Common.php(1180): CodeIgniter\View\View->render('packagePage', [], true)
 5 APPPATH\Controllers\Home.php(43): view('packagePage', [...])
 6 SYSTEMPATH\CodeIgniter.php(932): App\Controllers\Home->pakageList('25')
 7 SYSTEMPATH\CodeIgniter.php(497): CodeIgniter\CodeIgniter->runController(Object(App\Controllers\Home))
 8 SYSTEMPATH\CodeIgniter.php(366): CodeIgniter\CodeIgniter->handleRequest(null, Object(Config\Cache), false)
 9 FCPATH\index.php(67): CodeIgniter\CodeIgniter->run()
CRITICAL - 2023-06-29 07:08:20 --> syntax error, unexpected end of file
in APPPATH\Config\Routes.php on line 65.
 1 SYSTEMPATH\CodeIgniter.php(800): CodeIgniter\Router\RouteCollection->loadRoutes()
 2 SYSTEMPATH\CodeIgniter.php(447): CodeIgniter\CodeIgniter->tryToRouteIt(null)
 3 SYSTEMPATH\CodeIgniter.php(366): CodeIgniter\CodeIgniter->handleRequest(null, Object(Config\Cache), false)
 4 FCPATH\index.php(67): CodeIgniter\CodeIgniter->run()
CRITICAL - 2023-06-29 07:08:31 --> Undefined variable $data
in APPPATH\Models\PackagesModel.php on line 32.
 1 APPPATH\Models\PackagesModel.php(32): CodeIgniter\Debug\Exceptions->errorHandler(2, 'Undefined variable $data', 'C:\\xamp1\\htdocs\\codeigniter4-framework-e392123\\app\\Models\\PackagesModel.php', 32)
 2 APPPATH\Controllers\Home.php(112): App\Models\PackagesModel->updatePackage('16', [...])
 3 SYSTEMPATH\CodeIgniter.php(932): App\Controllers\Home->updatePackages('16')
 4 SYSTEMPATH\CodeIgniter.php(497): CodeIgniter\CodeIgniter->runController(Object(App\Controllers\Home))
 5 SYSTEMPATH\CodeIgniter.php(366): CodeIgniter\CodeIgniter->handleRequest(null, Object(Config\Cache), false)
 6 FCPATH\index.php(67): CodeIgniter\CodeIgniter->run()
INFO - 2023-06-29 07:10:51 --> Session: Class initialized using 'CodeIgniter\Session\Handlers\FileHandler' driver.
