CRITICAL - 2023-06-19 09:08:42 --> The framework needs the following extension(s) installed and loaded: intl.
in SYSTEMPATH\CodeIgniter.php on line 226.
 1 SYSTEMPATH\CodeIgniter.php(226): CodeIgniter\Exceptions\FrameworkException::forMissingExtension('intl')
 2 SYSTEMPATH\CodeIgniter.php(190): CodeIgniter\CodeIgniter->resolvePlatformExtensions()
 3 FCPATH\index.php(55): CodeIgniter\CodeIgniter->initialize()
CRITICAL - 2023-06-19 09:11:03 --> The framework needs the following extension(s) installed and loaded: intl.
in SYSTEMPATH\CodeIgniter.php on line 226.
 1 SYSTEMPATH\CodeIgniter.php(226): CodeIgniter\Exceptions\FrameworkException::forMissingExtension('intl')
 2 SYSTEMPATH\CodeIgniter.php(190): CodeIgniter\CodeIgniter->resolvePlatformExtensions()
 3 FCPATH\index.php(55): CodeIgniter\CodeIgniter->initialize()
CRITICAL - 2023-06-19 09:12:18 --> The framework needs the following extension(s) installed and loaded: intl.
in SYSTEMPATH\CodeIgniter.php on line 226.
 1 SYSTEMPATH\CodeIgniter.php(226): CodeIgniter\Exceptions\FrameworkException::forMissingExtension('intl')
 2 SYSTEMPATH\CodeIgniter.php(190): CodeIgniter\CodeIgniter->resolvePlatformExtensions()
 3 FCPATH\index.php(55): CodeIgniter\CodeIgniter->initialize()
CRITICAL - 2023-06-19 09:12:21 --> The framework needs the following extension(s) installed and loaded: intl.
in SYSTEMPATH\CodeIgniter.php on line 226.
 1 SYSTEMPATH\CodeIgniter.php(226): CodeIgniter\Exceptions\FrameworkException::forMissingExtension('intl')
 2 SYSTEMPATH\CodeIgniter.php(190): CodeIgniter\CodeIgniter->resolvePlatformExtensions()
 3 FCPATH\index.php(55): CodeIgniter\CodeIgniter->initialize()
CRITICAL - 2023-06-19 07:17:37 --> The framework needs the following extension(s) installed and loaded: intl, mbstring.
in SYSTEMPATH\CodeIgniter.php on line 226.
 1 SYSTEMPATH\CodeIgniter.php(226): CodeIgniter\Exceptions\FrameworkException::forMissingExtension()
 2 SYSTEMPATH\CodeIgniter.php(190): CodeIgniter\CodeIgniter->resolvePlatformExtensions()
 3 ROOTPATH\spark(83): CodeIgniter\CodeIgniter->initialize()
CRITICAL - 2023-06-19 07:17:37 --> Uncaught Error: Call to undefined function CodeIgniter\CLI\mb_strpos() in C:\xamp1\htdocs\codeigniter4-framework-e392123\system\CLI\CLI.php:872
Stack trace:
#0 C:\xamp1\htdocs\codeigniter4-framework-e392123\system\CLI\CLI.php(161): CodeIgniter\CLI\CLI::parseCommandLine()
#1 C:\xamp1\htdocs\codeigniter4-framework-e392123\system\CLI\CLI.php(1115): CodeIgniter\CLI\CLI::init()
#2 C:\xamp1\htdocs\codeigniter4-framework-e392123\system\Autoloader\Autoloader.php(312): include_once('...')
#3 C:\xamp1\htdocs\codeigniter4-framework-e392123\system\Autoloader\Autoloader.php(289): CodeIgniter\Autoloader\Autoloader->includeFile()
#4 C:\xamp1\htdocs\codeigniter4-framework-e392123\system\Autoloader\Autoloader.php(267): CodeIgniter\Autoloader\Autoloader->loadInNamespace()
#5 C:\xamp1\htdocs\codeigniter4-framework-e392123\app\Views\errors\cli\error_exception.php(6): CodeIgniter\Autoloader\Autoloader->loadClass()
#6 C:\xamp1\htdocs\codeigniter4-framework-e392123\app\Views\errors\cli\production.php(5): include('...')
#7 C:\xamp1\htdocs\codeigniter4-framework-e392123\system\Debug\Exceptions.php(282): include('...')
#8 C:\xamp1\htdocs\codeigniter4-framework-e392123\system\Debug\Exceptions.php(285): CodeIgniter\Debug\Exceptions->CodeIgniter\Debug\{closure}()
#9 C:\xamp1\htdocs\codeigniter4-framework-e392123\system\Debug\Exceptions.php(156): CodeIgniter\Debug\Exceptions->render()
#10 [internal function]: CodeIgniter\Debug\Exceptions->exceptionHandler()
#11 {main}
  thrown
【Previous Exception】
CodeIgniter\Exceptions\FrameworkException
The framework needs the following extension(s) installed and loaded: intl, mbstring.
#0 C:\xamp1\htdocs\codeigniter4-framework-e392123\system\CodeIgniter.php(226): CodeIgniter\Exceptions\FrameworkException::forMissingExtension()
#1 C:\xamp1\htdocs\codeigniter4-framework-e392123\system\CodeIgniter.php(190): CodeIgniter\CodeIgniter->resolvePlatformExtensions()
#2 C:\xamp1\htdocs\codeigniter4-framework-e392123\spark(83): CodeIgniter\CodeIgniter->initialize()
#3 {main}
in SYSTEMPATH\CLI\CLI.php on line 872.
 1 [internal function]: CodeIgniter\Debug\Exceptions->shutdownHandler()
CRITICAL - 2023-06-19 07:19:41 --> The framework needs the following extension(s) installed and loaded: intl, mbstring.
in SYSTEMPATH\CodeIgniter.php on line 226.
 1 SYSTEMPATH\CodeIgniter.php(226): CodeIgniter\Exceptions\FrameworkException::forMissingExtension()
 2 SYSTEMPATH\CodeIgniter.php(190): CodeIgniter\CodeIgniter->resolvePlatformExtensions()
 3 ROOTPATH\spark(83): CodeIgniter\CodeIgniter->initialize()
CRITICAL - 2023-06-19 07:19:41 --> Uncaught Error: Call to undefined function CodeIgniter\CLI\mb_strpos() in C:\xamp1\htdocs\codeigniter4-framework-e392123\system\CLI\CLI.php:872
Stack trace:
#0 C:\xamp1\htdocs\codeigniter4-framework-e392123\system\CLI\CLI.php(161): CodeIgniter\CLI\CLI::parseCommandLine()
#1 C:\xamp1\htdocs\codeigniter4-framework-e392123\system\CLI\CLI.php(1115): CodeIgniter\CLI\CLI::init()
#2 C:\xamp1\htdocs\codeigniter4-framework-e392123\system\Autoloader\Autoloader.php(312): include_once('...')
#3 C:\xamp1\htdocs\codeigniter4-framework-e392123\system\Autoloader\Autoloader.php(289): CodeIgniter\Autoloader\Autoloader->includeFile()
#4 C:\xamp1\htdocs\codeigniter4-framework-e392123\system\Autoloader\Autoloader.php(267): CodeIgniter\Autoloader\Autoloader->loadInNamespace()
#5 C:\xamp1\htdocs\codeigniter4-framework-e392123\app\Views\errors\cli\error_exception.php(6): CodeIgniter\Autoloader\Autoloader->loadClass()
#6 C:\xamp1\htdocs\codeigniter4-framework-e392123\app\Views\errors\cli\production.php(5): include('...')
#7 C:\xamp1\htdocs\codeigniter4-framework-e392123\system\Debug\Exceptions.php(282): include('...')
#8 C:\xamp1\htdocs\codeigniter4-framework-e392123\system\Debug\Exceptions.php(285): CodeIgniter\Debug\Exceptions->CodeIgniter\Debug\{closure}()
#9 C:\xamp1\htdocs\codeigniter4-framework-e392123\system\Debug\Exceptions.php(156): CodeIgniter\Debug\Exceptions->render()
#10 [internal function]: CodeIgniter\Debug\Exceptions->exceptionHandler()
#11 {main}
  thrown
【Previous Exception】
CodeIgniter\Exceptions\FrameworkException
The framework needs the following extension(s) installed and loaded: intl, mbstring.
#0 C:\xamp1\htdocs\codeigniter4-framework-e392123\system\CodeIgniter.php(226): CodeIgniter\Exceptions\FrameworkException::forMissingExtension()
#1 C:\xamp1\htdocs\codeigniter4-framework-e392123\system\CodeIgniter.php(190): CodeIgniter\CodeIgniter->resolvePlatformExtensions()
#2 C:\xamp1\htdocs\codeigniter4-framework-e392123\spark(83): CodeIgniter\CodeIgniter->initialize()
#3 {main}
in SYSTEMPATH\CLI\CLI.php on line 872.
 1 [internal function]: CodeIgniter\Debug\Exceptions->shutdownHandler()
CRITICAL - 2023-06-19 07:21:50 --> The framework needs the following extension(s) installed and loaded: intl, mbstring.
in SYSTEMPATH\CodeIgniter.php on line 226.
 1 SYSTEMPATH\CodeIgniter.php(226): CodeIgniter\Exceptions\FrameworkException::forMissingExtension()
 2 SYSTEMPATH\CodeIgniter.php(190): CodeIgniter\CodeIgniter->resolvePlatformExtensions()
 3 ROOTPATH\spark(83): CodeIgniter\CodeIgniter->initialize()
CRITICAL - 2023-06-19 07:21:50 --> Uncaught Error: Call to undefined function CodeIgniter\CLI\mb_strpos() in C:\xamp1\htdocs\codeigniter4-framework-e392123\system\CLI\CLI.php:872
Stack trace:
#0 C:\xamp1\htdocs\codeigniter4-framework-e392123\system\CLI\CLI.php(161): CodeIgniter\CLI\CLI::parseCommandLine()
#1 C:\xamp1\htdocs\codeigniter4-framework-e392123\system\CLI\CLI.php(1115): CodeIgniter\CLI\CLI::init()
#2 C:\xamp1\htdocs\codeigniter4-framework-e392123\system\Autoloader\Autoloader.php(312): include_once('...')
#3 C:\xamp1\htdocs\codeigniter4-framework-e392123\system\Autoloader\Autoloader.php(289): CodeIgniter\Autoloader\Autoloader->includeFile()
#4 C:\xamp1\htdocs\codeigniter4-framework-e392123\system\Autoloader\Autoloader.php(267): CodeIgniter\Autoloader\Autoloader->loadInNamespace()
#5 C:\xamp1\htdocs\codeigniter4-framework-e392123\app\Views\errors\cli\error_exception.php(6): CodeIgniter\Autoloader\Autoloader->loadClass()
#6 C:\xamp1\htdocs\codeigniter4-framework-e392123\app\Views\errors\cli\production.php(5): include('...')
#7 C:\xamp1\htdocs\codeigniter4-framework-e392123\system\Debug\Exceptions.php(282): include('...')
#8 C:\xamp1\htdocs\codeigniter4-framework-e392123\system\Debug\Exceptions.php(285): CodeIgniter\Debug\Exceptions->CodeIgniter\Debug\{closure}()
#9 C:\xamp1\htdocs\codeigniter4-framework-e392123\system\Debug\Exceptions.php(156): CodeIgniter\Debug\Exceptions->render()
#10 [internal function]: CodeIgniter\Debug\Exceptions->exceptionHandler()
#11 {main}
  thrown
【Previous Exception】
CodeIgniter\Exceptions\FrameworkException
The framework needs the following extension(s) installed and loaded: intl, mbstring.
#0 C:\xamp1\htdocs\codeigniter4-framework-e392123\system\CodeIgniter.php(226): CodeIgniter\Exceptions\FrameworkException::forMissingExtension()
#1 C:\xamp1\htdocs\codeigniter4-framework-e392123\system\CodeIgniter.php(190): CodeIgniter\CodeIgniter->resolvePlatformExtensions()
#2 C:\xamp1\htdocs\codeigniter4-framework-e392123\spark(83): CodeIgniter\CodeIgniter->initialize()
#3 {main}
in SYSTEMPATH\CLI\CLI.php on line 872.
 1 [internal function]: CodeIgniter\Debug\Exceptions->shutdownHandler()
CRITICAL - 2023-06-19 07:25:41 --> The framework needs the following extension(s) installed and loaded: intl, mbstring.
in SYSTEMPATH\CodeIgniter.php on line 226.
 1 SYSTEMPATH\CodeIgniter.php(226): CodeIgniter\Exceptions\FrameworkException::forMissingExtension()
 2 SYSTEMPATH\CodeIgniter.php(190): CodeIgniter\CodeIgniter->resolvePlatformExtensions()
 3 ROOTPATH\spark(83): CodeIgniter\CodeIgniter->initialize()
CRITICAL - 2023-06-19 07:25:41 --> Uncaught Error: Call to undefined function CodeIgniter\CLI\mb_strpos() in C:\xamp1\htdocs\codeigniter4-framework-e392123\system\CLI\CLI.php:872
Stack trace:
#0 C:\xamp1\htdocs\codeigniter4-framework-e392123\system\CLI\CLI.php(161): CodeIgniter\CLI\CLI::parseCommandLine()
#1 C:\xamp1\htdocs\codeigniter4-framework-e392123\system\CLI\CLI.php(1115): CodeIgniter\CLI\CLI::init()
#2 C:\xamp1\htdocs\codeigniter4-framework-e392123\system\Autoloader\Autoloader.php(312): include_once('...')
#3 C:\xamp1\htdocs\codeigniter4-framework-e392123\system\Autoloader\Autoloader.php(289): CodeIgniter\Autoloader\Autoloader->includeFile()
#4 C:\xamp1\htdocs\codeigniter4-framework-e392123\system\Autoloader\Autoloader.php(267): CodeIgniter\Autoloader\Autoloader->loadInNamespace()
#5 C:\xamp1\htdocs\codeigniter4-framework-e392123\app\Views\errors\cli\error_exception.php(6): CodeIgniter\Autoloader\Autoloader->loadClass()
#6 C:\xamp1\htdocs\codeigniter4-framework-e392123\app\Views\errors\cli\production.php(5): include('...')
#7 C:\xamp1\htdocs\codeigniter4-framework-e392123\system\Debug\Exceptions.php(282): include('...')
#8 C:\xamp1\htdocs\codeigniter4-framework-e392123\system\Debug\Exceptions.php(285): CodeIgniter\Debug\Exceptions->CodeIgniter\Debug\{closure}()
#9 C:\xamp1\htdocs\codeigniter4-framework-e392123\system\Debug\Exceptions.php(156): CodeIgniter\Debug\Exceptions->render()
#10 [internal function]: CodeIgniter\Debug\Exceptions->exceptionHandler()
#11 {main}
  thrown
【Previous Exception】
CodeIgniter\Exceptions\FrameworkException
The framework needs the following extension(s) installed and loaded: intl, mbstring.
#0 C:\xamp1\htdocs\codeigniter4-framework-e392123\system\CodeIgniter.php(226): CodeIgniter\Exceptions\FrameworkException::forMissingExtension()
#1 C:\xamp1\htdocs\codeigniter4-framework-e392123\system\CodeIgniter.php(190): CodeIgniter\CodeIgniter->resolvePlatformExtensions()
#2 C:\xamp1\htdocs\codeigniter4-framework-e392123\spark(83): CodeIgniter\CodeIgniter->initialize()
#3 {main}
in SYSTEMPATH\CLI\CLI.php on line 872.
 1 [internal function]: CodeIgniter\Debug\Exceptions->shutdownHandler()
CRITICAL - 2023-06-19 07:26:41 --> The framework needs the following extension(s) installed and loaded: intl, mbstring.
in SYSTEMPATH\CodeIgniter.php on line 226.
 1 SYSTEMPATH\CodeIgniter.php(226): CodeIgniter\Exceptions\FrameworkException::forMissingExtension()
 2 SYSTEMPATH\CodeIgniter.php(190): CodeIgniter\CodeIgniter->resolvePlatformExtensions()
 3 ROOTPATH\spark(83): CodeIgniter\CodeIgniter->initialize()
CRITICAL - 2023-06-19 07:26:41 --> Uncaught Error: Call to undefined function CodeIgniter\CLI\mb_strpos() in C:\xamp1\htdocs\codeigniter4-framework-e392123\system\CLI\CLI.php:872
Stack trace:
#0 C:\xamp1\htdocs\codeigniter4-framework-e392123\system\CLI\CLI.php(161): CodeIgniter\CLI\CLI::parseCommandLine()
#1 C:\xamp1\htdocs\codeigniter4-framework-e392123\system\CLI\CLI.php(1115): CodeIgniter\CLI\CLI::init()
#2 C:\xamp1\htdocs\codeigniter4-framework-e392123\system\Autoloader\Autoloader.php(312): include_once('...')
#3 C:\xamp1\htdocs\codeigniter4-framework-e392123\system\Autoloader\Autoloader.php(289): CodeIgniter\Autoloader\Autoloader->includeFile()
#4 C:\xamp1\htdocs\codeigniter4-framework-e392123\system\Autoloader\Autoloader.php(267): CodeIgniter\Autoloader\Autoloader->loadInNamespace()
#5 C:\xamp1\htdocs\codeigniter4-framework-e392123\app\Views\errors\cli\error_exception.php(6): CodeIgniter\Autoloader\Autoloader->loadClass()
#6 C:\xamp1\htdocs\codeigniter4-framework-e392123\app\Views\errors\cli\production.php(5): include('...')
#7 C:\xamp1\htdocs\codeigniter4-framework-e392123\system\Debug\Exceptions.php(282): include('...')
#8 C:\xamp1\htdocs\codeigniter4-framework-e392123\system\Debug\Exceptions.php(285): CodeIgniter\Debug\Exceptions->CodeIgniter\Debug\{closure}()
#9 C:\xamp1\htdocs\codeigniter4-framework-e392123\system\Debug\Exceptions.php(156): CodeIgniter\Debug\Exceptions->render()
#10 [internal function]: CodeIgniter\Debug\Exceptions->exceptionHandler()
#11 {main}
  thrown
【Previous Exception】
CodeIgniter\Exceptions\FrameworkException
The framework needs the following extension(s) installed and loaded: intl, mbstring.
#0 C:\xamp1\htdocs\codeigniter4-framework-e392123\system\CodeIgniter.php(226): CodeIgniter\Exceptions\FrameworkException::forMissingExtension()
#1 C:\xamp1\htdocs\codeigniter4-framework-e392123\system\CodeIgniter.php(190): CodeIgniter\CodeIgniter->resolvePlatformExtensions()
#2 C:\xamp1\htdocs\codeigniter4-framework-e392123\spark(83): CodeIgniter\CodeIgniter->initialize()
#3 {main}
in SYSTEMPATH\CLI\CLI.php on line 872.
 1 [internal function]: CodeIgniter\Debug\Exceptions->shutdownHandler()
CRITICAL - 2023-06-19 08:36:55 --> Undefined variable $data
in APPPATH\Views\welcome_message.php on line 71.
 1 APPPATH\Views\welcome_message.php(71): CodeIgniter\Debug\Exceptions->errorHandler(2, 'Undefined variable $data', 'C:\\xamp1\\htdocs\\codeigniter4-framework-e392123\\app\\Views\\welcome_message.php', 71)
 2 SYSTEMPATH\View\View.php(224): include('C:\\xamp1\\htdocs\\codeigniter4-framework-e392123\\app\\Views\\welcome_message.php')
 3 SYSTEMPATH\View\View.php(227): CodeIgniter\View\View->CodeIgniter\View\{closure}()
 4 SYSTEMPATH\Common.php(1180): CodeIgniter\View\View->render('welcome_message', [], true)
 5 APPPATH\Controllers\Home.php(9): view('welcome_message')
 6 SYSTEMPATH\CodeIgniter.php(932): App\Controllers\Home->index()
 7 SYSTEMPATH\CodeIgniter.php(497): CodeIgniter\CodeIgniter->runController(Object(App\Controllers\Home))
 8 SYSTEMPATH\CodeIgniter.php(366): CodeIgniter\CodeIgniter->handleRequest(null, Object(Config\Cache), false)
 9 FCPATH\index.php(67): CodeIgniter\CodeIgniter->run()
CRITICAL - 2023-06-19 08:36:59 --> Undefined variable $data
in APPPATH\Views\welcome_message.php on line 71.
 1 APPPATH\Views\welcome_message.php(71): CodeIgniter\Debug\Exceptions->errorHandler(2, 'Undefined variable $data', 'C:\\xamp1\\htdocs\\codeigniter4-framework-e392123\\app\\Views\\welcome_message.php', 71)
 2 SYSTEMPATH\View\View.php(224): include('C:\\xamp1\\htdocs\\codeigniter4-framework-e392123\\app\\Views\\welcome_message.php')
 3 SYSTEMPATH\View\View.php(227): CodeIgniter\View\View->CodeIgniter\View\{closure}()
 4 SYSTEMPATH\Common.php(1180): CodeIgniter\View\View->render('welcome_message', [], true)
 5 APPPATH\Controllers\Home.php(9): view('welcome_message')
 6 SYSTEMPATH\CodeIgniter.php(932): App\Controllers\Home->index()
 7 SYSTEMPATH\CodeIgniter.php(497): CodeIgniter\CodeIgniter->runController(Object(App\Controllers\Home))
 8 SYSTEMPATH\CodeIgniter.php(366): CodeIgniter\CodeIgniter->handleRequest(null, Object(Config\Cache), false)
 9 FCPATH\index.php(67): CodeIgniter\CodeIgniter->run()
CRITICAL - 2023-06-19 08:37:57 --> Undefined variable $data
in APPPATH\Views\welcome_message.php on line 70.
 1 APPPATH\Views\welcome_message.php(70): CodeIgniter\Debug\Exceptions->errorHandler(2, 'Undefined variable $data', 'C:\\xamp1\\htdocs\\codeigniter4-framework-e392123\\app\\Views\\welcome_message.php', 70)
 2 SYSTEMPATH\View\View.php(224): include('C:\\xamp1\\htdocs\\codeigniter4-framework-e392123\\app\\Views\\welcome_message.php')
 3 SYSTEMPATH\View\View.php(227): CodeIgniter\View\View->CodeIgniter\View\{closure}()
 4 SYSTEMPATH\Common.php(1180): CodeIgniter\View\View->render('welcome_message', [], true)
 5 APPPATH\Controllers\Home.php(9): view('welcome_message')
 6 SYSTEMPATH\CodeIgniter.php(932): App\Controllers\Home->index()
 7 SYSTEMPATH\CodeIgniter.php(497): CodeIgniter\CodeIgniter->runController(Object(App\Controllers\Home))
 8 SYSTEMPATH\CodeIgniter.php(366): CodeIgniter\CodeIgniter->handleRequest(null, Object(Config\Cache), false)
 9 FCPATH\index.php(67): CodeIgniter\CodeIgniter->run()
CRITICAL - 2023-06-19 08:37:59 --> Undefined variable $data
in APPPATH\Views\welcome_message.php on line 70.
 1 APPPATH\Views\welcome_message.php(70): CodeIgniter\Debug\Exceptions->errorHandler(2, 'Undefined variable $data', 'C:\\xamp1\\htdocs\\codeigniter4-framework-e392123\\app\\Views\\welcome_message.php', 70)
 2 SYSTEMPATH\View\View.php(224): include('C:\\xamp1\\htdocs\\codeigniter4-framework-e392123\\app\\Views\\welcome_message.php')
 3 SYSTEMPATH\View\View.php(227): CodeIgniter\View\View->CodeIgniter\View\{closure}()
 4 SYSTEMPATH\Common.php(1180): CodeIgniter\View\View->render('welcome_message', [], true)
 5 APPPATH\Controllers\Home.php(9): view('welcome_message')
 6 SYSTEMPATH\CodeIgniter.php(932): App\Controllers\Home->index()
 7 SYSTEMPATH\CodeIgniter.php(497): CodeIgniter\CodeIgniter->runController(Object(App\Controllers\Home))
 8 SYSTEMPATH\CodeIgniter.php(366): CodeIgniter\CodeIgniter->handleRequest(null, Object(Config\Cache), false)
 9 FCPATH\index.php(67): CodeIgniter\CodeIgniter->run()
CRITICAL - 2023-06-19 08:38:10 --> Undefined variable $data
in APPPATH\Views\welcome_message.php on line 70.
 1 APPPATH\Views\welcome_message.php(70): CodeIgniter\Debug\Exceptions->errorHandler(2, 'Undefined variable $data', 'C:\\xamp1\\htdocs\\codeigniter4-framework-e392123\\app\\Views\\welcome_message.php', 70)
 2 SYSTEMPATH\View\View.php(224): include('C:\\xamp1\\htdocs\\codeigniter4-framework-e392123\\app\\Views\\welcome_message.php')
 3 SYSTEMPATH\View\View.php(227): CodeIgniter\View\View->CodeIgniter\View\{closure}()
 4 SYSTEMPATH\Common.php(1180): CodeIgniter\View\View->render('welcome_message', [], true)
 5 APPPATH\Controllers\Home.php(9): view('welcome_message')
 6 SYSTEMPATH\CodeIgniter.php(932): App\Controllers\Home->index()
 7 SYSTEMPATH\CodeIgniter.php(497): CodeIgniter\CodeIgniter->runController(Object(App\Controllers\Home))
 8 SYSTEMPATH\CodeIgniter.php(366): CodeIgniter\CodeIgniter->handleRequest(null, Object(Config\Cache), false)
 9 FCPATH\index.php(67): CodeIgniter\CodeIgniter->run()
CRITICAL - 2023-06-19 08:40:01 --> Undefined variable $data
in APPPATH\Views\welcome_message.php on line 71.
 1 APPPATH\Views\welcome_message.php(71): CodeIgniter\Debug\Exceptions->errorHandler(2, 'Undefined variable $data', 'C:\\xamp1\\htdocs\\codeigniter4-framework-e392123\\app\\Views\\welcome_message.php', 71)
 2 SYSTEMPATH\View\View.php(224): include('C:\\xamp1\\htdocs\\codeigniter4-framework-e392123\\app\\Views\\welcome_message.php')
 3 SYSTEMPATH\View\View.php(227): CodeIgniter\View\View->CodeIgniter\View\{closure}()
 4 SYSTEMPATH\Common.php(1180): CodeIgniter\View\View->render('welcome_message', [], true)
 5 APPPATH\Controllers\Home.php(9): view('welcome_message')
 6 SYSTEMPATH\CodeIgniter.php(932): App\Controllers\Home->index()
 7 SYSTEMPATH\CodeIgniter.php(497): CodeIgniter\CodeIgniter->runController(Object(App\Controllers\Home))
 8 SYSTEMPATH\CodeIgniter.php(366): CodeIgniter\CodeIgniter->handleRequest(null, Object(Config\Cache), false)
 9 FCPATH\index.php(67): CodeIgniter\CodeIgniter->run()
CRITICAL - 2023-06-19 08:51:25 --> Class "ServicesModel" not found
in APPPATH\Views\welcome_message.php on line 3.
 1 SYSTEMPATH\View\View.php(224): include()
 2 SYSTEMPATH\View\View.php(227): CodeIgniter\View\View->CodeIgniter\View\{closure}()
 3 SYSTEMPATH\Common.php(1180): CodeIgniter\View\View->render('welcome_message', [], true)
 4 APPPATH\Controllers\Home.php(9): view('welcome_message')
 5 SYSTEMPATH\CodeIgniter.php(932): App\Controllers\Home->index()
 6 SYSTEMPATH\CodeIgniter.php(497): CodeIgniter\CodeIgniter->runController(Object(App\Controllers\Home))
 7 SYSTEMPATH\CodeIgniter.php(366): CodeIgniter\CodeIgniter->handleRequest(null, Object(Config\Cache), false)
 8 FCPATH\index.php(67): CodeIgniter\CodeIgniter->run()
CRITICAL - 2023-06-19 08:51:27 --> Class "ServicesModel" not found
in APPPATH\Views\welcome_message.php on line 3.
 1 SYSTEMPATH\View\View.php(224): include()
 2 SYSTEMPATH\View\View.php(227): CodeIgniter\View\View->CodeIgniter\View\{closure}()
 3 SYSTEMPATH\Common.php(1180): CodeIgniter\View\View->render('welcome_message', [], true)
 4 APPPATH\Controllers\Home.php(9): view('welcome_message')
 5 SYSTEMPATH\CodeIgniter.php(932): App\Controllers\Home->index()
 6 SYSTEMPATH\CodeIgniter.php(497): CodeIgniter\CodeIgniter->runController(Object(App\Controllers\Home))
 7 SYSTEMPATH\CodeIgniter.php(366): CodeIgniter\CodeIgniter->handleRequest(null, Object(Config\Cache), false)
 8 FCPATH\index.php(67): CodeIgniter\CodeIgniter->run()
CRITICAL - 2023-06-19 08:51:32 --> Class "ServicesModel" not found
in APPPATH\Views\welcome_message.php on line 3.
 1 SYSTEMPATH\View\View.php(224): include()
 2 SYSTEMPATH\View\View.php(227): CodeIgniter\View\View->CodeIgniter\View\{closure}()
 3 SYSTEMPATH\Common.php(1180): CodeIgniter\View\View->render('welcome_message', [], true)
 4 APPPATH\Controllers\FormController.php(27): view('welcome_message', [...])
 5 SYSTEMPATH\CodeIgniter.php(932): App\Controllers\FormController->submitServiceForm()
 6 SYSTEMPATH\CodeIgniter.php(497): CodeIgniter\CodeIgniter->runController(Object(App\Controllers\FormController))
 7 SYSTEMPATH\CodeIgniter.php(366): CodeIgniter\CodeIgniter->handleRequest(null, Object(Config\Cache), false)
 8 FCPATH\index.php(67): CodeIgniter\CodeIgniter->run()
CRITICAL - 2023-06-19 08:52:34 --> Class "ServicesModel" not found
in APPPATH\Views\welcome_message.php on line 3.
 1 SYSTEMPATH\View\View.php(224): include()
 2 SYSTEMPATH\View\View.php(227): CodeIgniter\View\View->CodeIgniter\View\{closure}()
 3 SYSTEMPATH\Common.php(1180): CodeIgniter\View\View->render('welcome_message', [], true)
 4 APPPATH\Controllers\FormController.php(27): view('welcome_message', [...])
 5 SYSTEMPATH\CodeIgniter.php(932): App\Controllers\FormController->submitServiceForm()
 6 SYSTEMPATH\CodeIgniter.php(497): CodeIgniter\CodeIgniter->runController(Object(App\Controllers\FormController))
 7 SYSTEMPATH\CodeIgniter.php(366): CodeIgniter\CodeIgniter->handleRequest(null, Object(Config\Cache), false)
 8 FCPATH\index.php(67): CodeIgniter\CodeIgniter->run()
CRITICAL - 2023-06-19 08:53:39 --> Class "ServicesModel" not found
in APPPATH\Views\welcome_message.php on line 3.
 1 SYSTEMPATH\View\View.php(224): include()
 2 SYSTEMPATH\View\View.php(227): CodeIgniter\View\View->CodeIgniter\View\{closure}()
 3 SYSTEMPATH\Common.php(1180): CodeIgniter\View\View->render('welcome_message', [], true)
 4 APPPATH\Controllers\FormController.php(27): view('welcome_message', [...])
 5 SYSTEMPATH\CodeIgniter.php(932): App\Controllers\FormController->submitServiceForm()
 6 SYSTEMPATH\CodeIgniter.php(497): CodeIgniter\CodeIgniter->runController(Object(App\Controllers\FormController))
 7 SYSTEMPATH\CodeIgniter.php(366): CodeIgniter\CodeIgniter->handleRequest(null, Object(Config\Cache), false)
 8 FCPATH\index.php(67): CodeIgniter\CodeIgniter->run()
CRITICAL - 2023-06-19 08:56:56 --> Class "ServicesModel" not found
in APPPATH\Views\welcome_message.php on line 4.
 1 SYSTEMPATH\View\View.php(224): include()
 2 SYSTEMPATH\View\View.php(227): CodeIgniter\View\View->CodeIgniter\View\{closure}()
 3 SYSTEMPATH\Common.php(1180): CodeIgniter\View\View->render('welcome_message', [], true)
 4 APPPATH\Controllers\FormController.php(27): view('welcome_message', [...])
 5 SYSTEMPATH\CodeIgniter.php(932): App\Controllers\FormController->submitServiceForm()
 6 SYSTEMPATH\CodeIgniter.php(497): CodeIgniter\CodeIgniter->runController(Object(App\Controllers\FormController))
 7 SYSTEMPATH\CodeIgniter.php(366): CodeIgniter\CodeIgniter->handleRequest(null, Object(Config\Cache), false)
 8 FCPATH\index.php(67): CodeIgniter\CodeIgniter->run()
CRITICAL - 2023-06-19 08:59:15 --> Class "ServicesModel" not found
in APPPATH\Views\welcome_message.php on line 4.
 1 SYSTEMPATH\View\View.php(224): include()
 2 SYSTEMPATH\View\View.php(227): CodeIgniter\View\View->CodeIgniter\View\{closure}()
 3 SYSTEMPATH\Common.php(1180): CodeIgniter\View\View->render('welcome_message', [], true)
 4 APPPATH\Controllers\Home.php(9): view('welcome_message')
 5 SYSTEMPATH\CodeIgniter.php(932): App\Controllers\Home->index()
 6 SYSTEMPATH\CodeIgniter.php(497): CodeIgniter\CodeIgniter->runController(Object(App\Controllers\Home))
 7 SYSTEMPATH\CodeIgniter.php(366): CodeIgniter\CodeIgniter->handleRequest(null, Object(Config\Cache), false)
 8 FCPATH\index.php(67): CodeIgniter\CodeIgniter->run()
CRITICAL - 2023-06-19 08:59:26 --> Class "ServicesModel" not found
in APPPATH\Views\welcome_message.php on line 4.
 1 SYSTEMPATH\View\View.php(224): include()
 2 SYSTEMPATH\View\View.php(227): CodeIgniter\View\View->CodeIgniter\View\{closure}()
 3 SYSTEMPATH\Common.php(1180): CodeIgniter\View\View->render('welcome_message', [], true)
 4 APPPATH\Controllers\Home.php(9): view('welcome_message')
 5 SYSTEMPATH\CodeIgniter.php(932): App\Controllers\Home->index()
 6 SYSTEMPATH\CodeIgniter.php(497): CodeIgniter\CodeIgniter->runController(Object(App\Controllers\Home))
 7 SYSTEMPATH\CodeIgniter.php(366): CodeIgniter\CodeIgniter->handleRequest(null, Object(Config\Cache), false)
 8 FCPATH\index.php(67): CodeIgniter\CodeIgniter->run()
CRITICAL - 2023-06-19 08:59:33 --> Class "ServicesModel" not found
in APPPATH\Views\welcome_message.php on line 4.
 1 SYSTEMPATH\View\View.php(224): include()
 2 SYSTEMPATH\View\View.php(227): CodeIgniter\View\View->CodeIgniter\View\{closure}()
 3 SYSTEMPATH\Common.php(1180): CodeIgniter\View\View->render('welcome_message', [], true)
 4 APPPATH\Controllers\Home.php(9): view('welcome_message')
 5 SYSTEMPATH\CodeIgniter.php(932): App\Controllers\Home->index()
 6 SYSTEMPATH\CodeIgniter.php(497): CodeIgniter\CodeIgniter->runController(Object(App\Controllers\Home))
 7 SYSTEMPATH\CodeIgniter.php(366): CodeIgniter\CodeIgniter->handleRequest(null, Object(Config\Cache), false)
 8 FCPATH\index.php(67): CodeIgniter\CodeIgniter->run()
CRITICAL - 2023-06-19 08:59:37 --> Class "ServicesModel" not found
in APPPATH\Views\welcome_message.php on line 4.
 1 SYSTEMPATH\View\View.php(224): include()
 2 SYSTEMPATH\View\View.php(227): CodeIgniter\View\View->CodeIgniter\View\{closure}()
 3 SYSTEMPATH\Common.php(1180): CodeIgniter\View\View->render('welcome_message', [], true)
 4 APPPATH\Controllers\Home.php(9): view('welcome_message')
 5 SYSTEMPATH\CodeIgniter.php(932): App\Controllers\Home->index()
 6 SYSTEMPATH\CodeIgniter.php(497): CodeIgniter\CodeIgniter->runController(Object(App\Controllers\Home))
 7 SYSTEMPATH\CodeIgniter.php(366): CodeIgniter\CodeIgniter->handleRequest(null, Object(Config\Cache), false)
 8 FCPATH\index.php(67): CodeIgniter\CodeIgniter->run()
CRITICAL - 2023-06-19 08:59:57 --> Class "ServicesModel" not found
in APPPATH\Views\welcome_message.php on line 4.
 1 SYSTEMPATH\View\View.php(224): include()
 2 SYSTEMPATH\View\View.php(227): CodeIgniter\View\View->CodeIgniter\View\{closure}()
 3 SYSTEMPATH\Common.php(1180): CodeIgniter\View\View->render('welcome_message', [], true)
 4 APPPATH\Controllers\Home.php(9): view('welcome_message')
 5 SYSTEMPATH\CodeIgniter.php(932): App\Controllers\Home->index()
 6 SYSTEMPATH\CodeIgniter.php(497): CodeIgniter\CodeIgniter->runController(Object(App\Controllers\Home))
 7 SYSTEMPATH\CodeIgniter.php(366): CodeIgniter\CodeIgniter->handleRequest(null, Object(Config\Cache), false)
 8 FCPATH\index.php(67): CodeIgniter\CodeIgniter->run()
CRITICAL - 2023-06-19 09:00:17 --> Class "ServicesModel" not found
in APPPATH\Views\welcome_message.php on line 4.
 1 SYSTEMPATH\View\View.php(224): include()
 2 SYSTEMPATH\View\View.php(227): CodeIgniter\View\View->CodeIgniter\View\{closure}()
 3 SYSTEMPATH\Common.php(1180): CodeIgniter\View\View->render('welcome_message', [], true)
 4 APPPATH\Controllers\Home.php(9): view('welcome_message')
 5 SYSTEMPATH\CodeIgniter.php(932): App\Controllers\Home->index()
 6 SYSTEMPATH\CodeIgniter.php(497): CodeIgniter\CodeIgniter->runController(Object(App\Controllers\Home))
 7 SYSTEMPATH\CodeIgniter.php(366): CodeIgniter\CodeIgniter->handleRequest(null, Object(Config\Cache), false)
 8 FCPATH\index.php(67): CodeIgniter\CodeIgniter->run()
CRITICAL - 2023-06-19 09:00:19 --> Class "ServicesModel" not found
in APPPATH\Views\welcome_message.php on line 4.
 1 SYSTEMPATH\View\View.php(224): include()
 2 SYSTEMPATH\View\View.php(227): CodeIgniter\View\View->CodeIgniter\View\{closure}()
 3 SYSTEMPATH\Common.php(1180): CodeIgniter\View\View->render('welcome_message', [], true)
 4 APPPATH\Controllers\Home.php(9): view('welcome_message')
 5 SYSTEMPATH\CodeIgniter.php(932): App\Controllers\Home->index()
 6 SYSTEMPATH\CodeIgniter.php(497): CodeIgniter\CodeIgniter->runController(Object(App\Controllers\Home))
 7 SYSTEMPATH\CodeIgniter.php(366): CodeIgniter\CodeIgniter->handleRequest(null, Object(Config\Cache), false)
 8 FCPATH\index.php(67): CodeIgniter\CodeIgniter->run()
CRITICAL - 2023-06-19 09:01:11 --> Class "ServicesModel" not found
in APPPATH\Views\welcome_message.php on line 3.
 1 SYSTEMPATH\View\View.php(224): include()
 2 SYSTEMPATH\View\View.php(227): CodeIgniter\View\View->CodeIgniter\View\{closure}()
 3 SYSTEMPATH\Common.php(1180): CodeIgniter\View\View->render('welcome_message', [], true)
 4 APPPATH\Controllers\Home.php(9): view('welcome_message')
 5 SYSTEMPATH\CodeIgniter.php(932): App\Controllers\Home->index()
 6 SYSTEMPATH\CodeIgniter.php(497): CodeIgniter\CodeIgniter->runController(Object(App\Controllers\Home))
 7 SYSTEMPATH\CodeIgniter.php(366): CodeIgniter\CodeIgniter->handleRequest(null, Object(Config\Cache), false)
 8 FCPATH\index.php(67): CodeIgniter\CodeIgniter->run()
CRITICAL - 2023-06-19 09:08:41 --> Class "ServicesModel" not found
in APPPATH\Views\welcome_message.php on line 3.
 1 SYSTEMPATH\View\View.php(224): include()
 2 SYSTEMPATH\View\View.php(227): CodeIgniter\View\View->CodeIgniter\View\{closure}()
 3 SYSTEMPATH\Common.php(1180): CodeIgniter\View\View->render('welcome_message', [], true)
 4 APPPATH\Controllers\Home.php(10): view('welcome_message')
 5 SYSTEMPATH\CodeIgniter.php(932): App\Controllers\Home->index()
 6 SYSTEMPATH\CodeIgniter.php(497): CodeIgniter\CodeIgniter->runController(Object(App\Controllers\Home))
 7 SYSTEMPATH\CodeIgniter.php(366): CodeIgniter\CodeIgniter->handleRequest(null, Object(Config\Cache), false)
 8 FCPATH\index.php(67): CodeIgniter\CodeIgniter->run()
CRITICAL - 2023-06-19 09:09:20 --> Class "ServicesModel" not found
in APPPATH\Views\welcome_message.php on line 3.
 1 SYSTEMPATH\View\View.php(224): include()
 2 SYSTEMPATH\View\View.php(227): CodeIgniter\View\View->CodeIgniter\View\{closure}()
 3 SYSTEMPATH\Common.php(1180): CodeIgniter\View\View->render('welcome_message', [], true)
 4 APPPATH\Controllers\Home.php(10): view('welcome_message')
 5 SYSTEMPATH\CodeIgniter.php(932): App\Controllers\Home->index()
 6 SYSTEMPATH\CodeIgniter.php(497): CodeIgniter\CodeIgniter->runController(Object(App\Controllers\Home))
 7 SYSTEMPATH\CodeIgniter.php(366): CodeIgniter\CodeIgniter->handleRequest(null, Object(Config\Cache), false)
 8 FCPATH\index.php(67): CodeIgniter\CodeIgniter->run()
CRITICAL - 2023-06-19 09:11:22 --> Class "ServicesModel" not found
in APPPATH\Views\welcome_message.php on line 3.
 1 SYSTEMPATH\View\View.php(224): include()
 2 SYSTEMPATH\View\View.php(227): CodeIgniter\View\View->CodeIgniter\View\{closure}()
 3 SYSTEMPATH\Common.php(1180): CodeIgniter\View\View->render('welcome_message', [], true)
 4 APPPATH\Controllers\Home.php(15): view('welcome_message', [...])
 5 SYSTEMPATH\CodeIgniter.php(932): App\Controllers\Home->index()
 6 SYSTEMPATH\CodeIgniter.php(497): CodeIgniter\CodeIgniter->runController(Object(App\Controllers\Home))
 7 SYSTEMPATH\CodeIgniter.php(366): CodeIgniter\CodeIgniter->handleRequest(null, Object(Config\Cache), false)
 8 FCPATH\index.php(67): CodeIgniter\CodeIgniter->run()
CRITICAL - 2023-06-19 09:18:21 --> Undefined variable $servicesModel
in APPPATH\Controllers\Home.php on line 29.
 1 APPPATH\Controllers\Home.php(29): CodeIgniter\Debug\Exceptions->errorHandler(2, 'Undefined variable $servicesModel', 'C:\\xamp1\\htdocs\\codeigniter4-framework-e392123\\app\\Controllers\\Home.php', 29)
 2 SYSTEMPATH\CodeIgniter.php(932): App\Controllers\Home->postServices()
 3 SYSTEMPATH\CodeIgniter.php(497): CodeIgniter\CodeIgniter->runController(Object(App\Controllers\Home))
 4 SYSTEMPATH\CodeIgniter.php(366): CodeIgniter\CodeIgniter->handleRequest(null, Object(Config\Cache), false)
 5 FCPATH\index.php(67): CodeIgniter\CodeIgniter->run()
CRITICAL - 2023-06-19 09:18:23 --> Undefined variable $servicesModel
in APPPATH\Controllers\Home.php on line 29.
 1 APPPATH\Controllers\Home.php(29): CodeIgniter\Debug\Exceptions->errorHandler(2, 'Undefined variable $servicesModel', 'C:\\xamp1\\htdocs\\codeigniter4-framework-e392123\\app\\Controllers\\Home.php', 29)
 2 SYSTEMPATH\CodeIgniter.php(932): App\Controllers\Home->postServices()
 3 SYSTEMPATH\CodeIgniter.php(497): CodeIgniter\CodeIgniter->runController(Object(App\Controllers\Home))
 4 SYSTEMPATH\CodeIgniter.php(366): CodeIgniter\CodeIgniter->handleRequest(null, Object(Config\Cache), false)
 5 FCPATH\index.php(67): CodeIgniter\CodeIgniter->run()
CRITICAL - 2023-06-19 09:18:49 --> Undefined variable $servicesModel
in APPPATH\Controllers\Home.php on line 29.
 1 APPPATH\Controllers\Home.php(29): CodeIgniter\Debug\Exceptions->errorHandler(2, 'Undefined variable $servicesModel', 'C:\\xamp1\\htdocs\\codeigniter4-framework-e392123\\app\\Controllers\\Home.php', 29)
 2 SYSTEMPATH\CodeIgniter.php(932): App\Controllers\Home->postServices()
 3 SYSTEMPATH\CodeIgniter.php(497): CodeIgniter\CodeIgniter->runController(Object(App\Controllers\Home))
 4 SYSTEMPATH\CodeIgniter.php(366): CodeIgniter\CodeIgniter->handleRequest(null, Object(Config\Cache), false)
 5 FCPATH\index.php(67): CodeIgniter\CodeIgniter->run()
